2025-09-17 00:00:44,272 | INFO     | lineage | Parsing SQL files for engine: spark
2025-09-17 00:00:44,366 | DEBUG    | lineage | stmt type: <class 'sqlglot.expressions.Select'>, is_with: False
2025-09-17 00:00:44,366 | ERROR    | lineage | Error processing sql/sql1.sql for engine=spark: 'Select' object has no attribute 'with_cte'
Traceback (most recent call last):
  File "/home/vijay/parser/sql_lineage_parser.py", line 59, in main
    records = extractor.extract_from_file(path)
              ^^^^^^^^^^^^^^^^^^^^^^^^^^^^^^^^^
  File "/home/vijay/parser/lineage/extractor.py", line 56, in extract_from_file
    all_records.extend(self._extract_from_statement(stmt, file=path))
                       ^^^^^^^^^^^^^^^^^^^^^^^^^^^^^^^^^^^^^^^^^^^^^
  File "/home/vijay/parser/lineage/extractor.py", line 109, in _extract_from_statement
    elif isinstance(stmt, exp.Select) and stmt.with_cte:
                                          ^^^^^^^^^^^^^
AttributeError: 'Select' object has no attribute 'with_cte'
2025-09-17 00:00:44,384 | DEBUG    | lineage | stmt type: <class 'sqlglot.expressions.Select'>, is_with: False
2025-09-17 00:00:44,385 | ERROR    | lineage | Error processing sql/sql2.sql for engine=spark: 'Select' object has no attribute 'with_cte'
Traceback (most recent call last):
  File "/home/vijay/parser/sql_lineage_parser.py", line 59, in main
    records = extractor.extract_from_file(path)
              ^^^^^^^^^^^^^^^^^^^^^^^^^^^^^^^^^
  File "/home/vijay/parser/lineage/extractor.py", line 56, in extract_from_file
    all_records.extend(self._extract_from_statement(stmt, file=path))
                       ^^^^^^^^^^^^^^^^^^^^^^^^^^^^^^^^^^^^^^^^^^^^^
  File "/home/vijay/parser/lineage/extractor.py", line 109, in _extract_from_statement
    elif isinstance(stmt, exp.Select) and stmt.with_cte:
                                          ^^^^^^^^^^^^^
AttributeError: 'Select' object has no attribute 'with_cte'
2025-09-17 00:00:44,397 | DEBUG    | lineage | stmt type: <class 'sqlglot.expressions.Select'>, is_with: False
2025-09-17 00:00:44,397 | ERROR    | lineage | Error processing sql/test.sql for engine=spark: 'Select' object has no attribute 'with_cte'
Traceback (most recent call last):
  File "/home/vijay/parser/sql_lineage_parser.py", line 59, in main
    records = extractor.extract_from_file(path)
              ^^^^^^^^^^^^^^^^^^^^^^^^^^^^^^^^^
  File "/home/vijay/parser/lineage/extractor.py", line 56, in extract_from_file
    all_records.extend(self._extract_from_statement(stmt, file=path))
                       ^^^^^^^^^^^^^^^^^^^^^^^^^^^^^^^^^^^^^^^^^^^^^
  File "/home/vijay/parser/lineage/extractor.py", line 109, in _extract_from_statement
    elif isinstance(stmt, exp.Select) and stmt.with_cte:
                                          ^^^^^^^^^^^^^
AttributeError: 'Select' object has no attribute 'with_cte'
2025-09-17 00:00:44,401 | INFO     | lineage | Wrote lineage to output.csv with 0 rows
